<?xml version="1.0" encoding="UTF-8"?>
<!-- Generated by org.testng.reporters.JUnitXMLReporter -->
<testsuite ignored="0" hostname="LTIN236781" failures="0" tests="14" name="Test" time="94.474" errors="0" timestamp="2024-02-06T12:35:52 IST">
  <testcase classname="testCases.TC01_zigWheelsHomeTest" name="clickOnNewBikesTest" time="3.064"/>
  <testcase classname="testCases.TC01_zigWheelsHomeTest" name="clickOnUpcomingBikesTest" time="12.028"/>
  <testcase classname="testCases.TC02_upcomingBikesTest" name="selectManufracturerTest" time="3.184"/>
  <testcase classname="testCases.TC02_upcomingBikesTest" name="filterBikesTest" time="10.285"/>
  <testcase classname="testCases.TC02_upcomingBikesTest" name="clickUsedCarsTest" time="0.163"/>
  <testcase classname="testCases.TC02_upcomingBikesTest" name="selectLocationTest" time="11.575"/>
  <testcase classname="testCases.TC03_usedCarsTest" name="verifyLocTest" time="0.361"/>
  <testcase classname="testCases.TC03_usedCarsTest" name="getPopularModelsTest" time="0.899"/>
  <testcase classname="testCases.TC03_usedCarsTest" name="navigateToHomeTest" time="8.882"/>
  <testcase classname="testCases.TC01_zigWheelsHomeTest" name="clickLoginTest" time="0.882"/>
  <testcase classname="testCases.TC01_zigWheelsHomeTest" name="clickGoogleLoginTest" time="0.358"/>
  <testcase classname="testCases.TC01_zigWheelsHomeTest" name="switchToLoginWindowTest" time="3.804"/>
  <testcase classname="testCases.TC04_googleLoginTest" name="emailInputTest" time="0.27"/>
  <testcase classname="testCases.TC04_googleLoginTest" name="verifyInputTest" time="1.607"/>
</testsuite> <!-- Test -->
