<?xml version="1.0" encoding="UTF-8"?>
<!-- Generated by org.testng.reporters.JUnitXMLReporter -->
<testsuite ignored="0" hostname="LTIN236781" failures="0" tests="14" name="Test" time="81.373" errors="0" timestamp="2024-02-20T09:57:31 IST">
  <testcase classname="testCases.TC01_zigWheelsHomeTest" name="clickOnNewBikesTest" time="3.387"/>
  <testcase classname="testCases.TC01_zigWheelsHomeTest" name="clickOnUpcomingBikesTest" time="1.62"/>
  <testcase classname="testCases.TC02_upcomingBikesTest" name="selectManufracturerTest" time="7.492"/>
  <testcase classname="testCases.TC02_upcomingBikesTest" name="filterBikesTest" time="11.877"/>
  <testcase classname="testCases.TC02_upcomingBikesTest" name="clickUsedCarsTest" time="0.203"/>
  <testcase classname="testCases.TC02_upcomingBikesTest" name="selectLocationTest" time="8.029"/>
  <testcase classname="testCases.TC03_usedCarsTest" name="verifyLocTest" time="0.609"/>
  <testcase classname="testCases.TC03_usedCarsTest" name="getPopularModelsTest" time="1.446"/>
  <testcase classname="testCases.TC03_usedCarsTest" name="navigateToHomeTest" time="7.603"/>
  <testcase classname="testCases.TC01_zigWheelsHomeTest" name="clickLoginTest" time="1.032"/>
  <testcase classname="testCases.TC01_zigWheelsHomeTest" name="clickGoogleLoginTest" time="0.539"/>
  <testcase classname="testCases.TC01_zigWheelsHomeTest" name="switchToLoginWindowTest" time="3.107"/>
  <testcase classname="testCases.TC04_googleLoginTest" name="emailInputTest" time="0.303"/>
  <testcase classname="testCases.TC04_googleLoginTest" name="verifyInputTest" time="1.938"/>
</testsuite> <!-- Test -->
