<?xml version="1.0" encoding="UTF-8"?>
<!-- Generated by org.testng.reporters.JUnitXMLReporter -->
<testsuite ignored="0" hostname="LTIN236781" failures="0" tests="14" name="Test" time="74.397" errors="0" timestamp="2024-02-05T18:11:47 IST">
  <testcase classname="testCases.TC01_zigWheelsHomeTest" name="clickOnNewBikesTest" time="2.942"/>
  <testcase classname="testCases.TC01_zigWheelsHomeTest" name="clickOnUpcomingBikesTest" time="2.057"/>
  <testcase classname="testCases.TC02_upcomingBikesTest" name="selectManufracturerTest" time="2.395"/>
  <testcase classname="testCases.TC02_upcomingBikesTest" name="filterBikesTest" time="4.702"/>
  <testcase classname="testCases.TC02_upcomingBikesTest" name="clickUsedCarsTest" time="0.194"/>
  <testcase classname="testCases.TC02_upcomingBikesTest" name="selectLocationTest" time="9.501"/>
  <testcase classname="testCases.TC03_usedCarsTest" name="verifyLocTest" time="0.478"/>
  <testcase classname="testCases.TC03_usedCarsTest" name="getPopularModelsTest" time="0.271"/>
  <testcase classname="testCases.TC03_usedCarsTest" name="navigateToHomeTest" time="7.612"/>
  <testcase classname="testCases.TC01_zigWheelsHomeTest" name="clickLoginTest" time="0.858"/>
  <testcase classname="testCases.TC01_zigWheelsHomeTest" name="clickGoogleLoginTest" time="0.401"/>
  <testcase classname="testCases.TC01_zigWheelsHomeTest" name="switchToLoginWindowTest" time="3.072"/>
  <testcase classname="testCases.TC04_googleLoginTest" name="emailInputTest" time="0.261"/>
  <testcase classname="testCases.TC04_googleLoginTest" name="verifyInputTest" time="1.689"/>
</testsuite> <!-- Test -->
