<?xml version="1.0" encoding="UTF-8"?>
<testsuite xmlns:xsi="http://www.w3.org/2001/XMLSchema-instance" xsi:noNamespaceSchemaLocation="https://maven.apache.org/surefire/maven-surefire-plugin/xsd/surefire-test-report-3.0.xsd" version="3.0" name="TestSuite" time="225.488" tests="14" errors="0" skipped="0" failures="0">
  <properties>
[...]
</properties>
  <testcase name="clickOnNewBikesTest" classname="testCases.TC04_googleLoginTest" time="3.153">
    <system-err><![CDATA[SLF4J(W): No SLF4J providers were found.
SLF4J(W): Defaulting to no-operation (NOP) logger implementation
SLF4J(W): See https://www.slf4j.org/codes.html#noProviders for further details.
Feb 12, 2024 12:20:25 PM org.openqa.selenium.manager.SeleniumManager lambda$runCommand$1
WARNING: There was an error managing chrome (error sending request for url (https://googlechromelabs.github.io/chrome-for-testing/known-good-versions-with-downloads.json): error trying to connect: An existing connection was forcibly closed by the remote host. (os error 10054)); using driver found in the cache
]]></system-err>
  </testcase>
  <testcase name="clickOnUpcomingBikesTest" classname="testCases.TC04_googleLoginTest" time="31.687"/>
  <testcase name="selectManufracturerTest" classname="testCases.TC04_googleLoginTest" time="46.351"/>
  <testcase name="filterBikesTest" classname="testCases.TC04_googleLoginTest" time="6.973">
    <system-out><![CDATA[Honda CRF300L
Rs. 3.30 Lakh
Launch Date : Mar 2024
=================================
Honda Activa Electric
Rs. 1.10 Lakh
Launch Date : Mar 2024
=================================
Honda Forza 350
Rs. 3.70 Lakh
Launch Date : Mar 2024
=================================
Honda CB350 Cruiser
Rs. 2.30 Lakh
Launch Date : Mar 2024
=================================
Honda Activa 7G
Rs. 79,000
Launch Date : Apr 2024
=================================
Honda PCX160
Rs. 1.20 Lakh
Launch Date : Jun 2024
=================================
Honda CBR150R
Rs. 1.70 Lakh
Launch Date : Unrevealed
=================================
Honda Rebel 300
Rs. 2.30 Lakh
Launch Date : Unrevealed
=================================
]]></system-out>
  </testcase>
  <testcase name="clickUsedCarsTest" classname="testCases.TC04_googleLoginTest" time="0.404"/>
  <testcase name="selectLocationTest" classname="testCases.TC04_googleLoginTest" time="36.59"/>
  <testcase name="verifyLocTest" classname="testCases.TC04_googleLoginTest" time="0.48"/>
  <testcase name="getPopularModelsTest" classname="testCases.TC04_googleLoginTest" time="0.872">
    <system-out><![CDATA[Popular Models: 
Maruti 800
Maruti Swift Dzire
Maruti Swift
Hyundai I10
Hyundai Santro Xing
Honda City
Toyota Innova
Toyota Fortuner
Mahindra XUV500
]]></system-out>
  </testcase>
  <testcase name="navigateToHomeTest" classname="testCases.TC04_googleLoginTest" time="38.304"/>
  <testcase name="clickLoginTest" classname="testCases.TC04_googleLoginTest" time="0.703"/>
  <testcase name="clickGoogleLoginTest" classname="testCases.TC04_googleLoginTest" time="0.635"/>
  <testcase name="switchToLoginWindowTest" classname="testCases.TC04_googleLoginTest" time="3.126"/>
  <testcase name="emailInputTest" classname="testCases.TC04_googleLoginTest" time="0.225"/>
  <testcase name="verifyInputTest" classname="testCases.TC04_googleLoginTest" time="1.315">
    <system-out><![CDATA[=================================

Warning message: Couldn’t find your Google Account
]]></system-out>
  </testcase>
</testsuite>